# JRE version: Java(TM) SE Runtime Environment (8.0_131-b11) (build 1.8.0_131-b11)
# Java VM: Java HotSpot(TM) 64-Bit Server VM (25.131-b11 mixed mode windows-amd64 compressed oops)
Heap:
 PSYoungGen      total 86016K, used 14516K [0x0000000781900000, 0x0000000789d80000, 0x00000007c0000000)
  eden space 68096K, 14% used [0x0000000781900000,0x00000007822640c8,0x0000000785b80000)
  from space 17920K, 27% used [0x0000000785b80000,0x0000000786048f88,0x0000000786d00000)
  to   space 17920K, 0% used [0x0000000788c00000,0x0000000788c00000,0x0000000789d80000)
 ParOldGen       total 101888K, used 17125K [0x0000000704a00000, 0x000000070ad80000, 0x0000000781900000)
  object space 101888K, 16% used [0x0000000704a00000,0x0000000705ab9750,0x000000070ad80000)
 Metaspace       used 28260K, capacity 28462K, committed 28800K, reserved 1075200K
  class space    used 2840K, capacity 2894K, committed 2944K, reserved 1048576K
GC Heap History (10 events):
Event: 12.114 GC heap before
{Heap before GC invocations=4 (full 0):
 PSYoungGen      total 56320K, used 19254K [0x0000000781900000, 0x0000000785780000, 0x00000007c0000000)
  eden space 48640K, 23% used [0x0000000781900000,0x0000000782451e70,0x0000000784880000)
  from space 7680K, 99% used [0x0000000784880000,0x0000000784ffb9d8,0x0000000785000000)
  to   space 7680K, 0% used [0x0000000785000000,0x0000000785000000,0x0000000785780000)
 ParOldGen       total 128512K, used 15829K [0x0000000704a00000, 0x000000070c780000, 0x0000000781900000)
  object space 128512K, 12% used [0x0000000704a00000,0x00000007059756a0,0x000000070c780000)
 Metaspace       used 20890K, capacity 21114K, committed 21296K, reserved 1069056K
  class space    used 2336K, capacity 2411K, committed 2432K, reserved 1048576K
Event: 12.131 GC heap after
Heap after GC invocations=4 (full 0):
 PSYoungGen      total 56320K, used 7672K [0x0000000781900000, 0x0000000785780000, 0x00000007c0000000)
  eden space 48640K, 0% used [0x0000000781900000,0x0000000781900000,0x0000000784880000)
  from space 7680K, 99% used [0x0000000785000000,0x000000078577e2f0,0x0000000785780000)
  to   space 7680K, 0% used [0x0000000784880000,0x0000000784880000,0x0000000785000000)
 ParOldGen       total 128512K, used 17242K [0x0000000704a00000, 0x000000070c780000, 0x0000000781900000)
  object space 128512K, 13% used [0x0000000704a00000,0x0000000705ad6900,0x000000070c780000)
 Metaspace       used 20890K, capacity 21114K, committed 21296K, reserved 1069056K
  class space    used 2336K, capacity 2411K, committed 2432K, reserved 1048576K
}
Event: 12.131 GC heap before
{Heap before GC invocations=5 (full 1):
 PSYoungGen      total 56320K, used 7672K [0x0000000781900000, 0x0000000785780000, 0x00000007c0000000)
  eden space 48640K, 0% used [0x0000000781900000,0x0000000781900000,0x0000000784880000)
  from space 7680K, 99% used [0x0000000785000000,0x000000078577e2f0,0x0000000785780000)
  to   space 7680K, 0% used [0x0000000784880000,0x0000000784880000,0x0000000785000000)
 ParOldGen       total 128512K, used 17242K [0x0000000704a00000, 0x000000070c780000, 0x0000000781900000)
  object space 128512K, 13% used [0x0000000704a00000,0x0000000705ad6900,0x000000070c780000)
 Metaspace       used 20890K, capacity 21114K, committed 21296K, reserved 1069056K
  class space    used 2336K, capacity 2411K, committed 2432K, reserved 1048576K
Event: 12.266 GC heap after
Heap after GC invocations=5 (full 1):
 PSYoungGen      total 56320K, used 0K [0x0000000781900000, 0x0000000785780000, 0x00000007c0000000)
  eden space 48640K, 0% used [0x0000000781900000,0x0000000781900000,0x0000000784880000)
  from space 7680K, 0% used [0x0000000785000000,0x0000000785000000,0x0000000785780000)
  to   space 7680K, 0% used [0x0000000784880000,0x0000000784880000,0x0000000785000000)
 ParOldGen       total 101888K, used 17101K [0x0000000704a00000, 0x000000070ad80000, 0x0000000781900000)
  object space 101888K, 16% used [0x0000000704a00000,0x0000000705ab3750,0x000000070ad80000)
 Metaspace       used 20890K, capacity 21114K, committed 21296K, reserved 1069056K
  class space    used 2336K, capacity 2411K, committed 2432K, reserved 1048576K
}
Event: 14.534 GC heap before
{Heap before GC invocations=6 (full 1):
 PSYoungGen      total 56320K, used 48640K [0x0000000781900000, 0x0000000785780000, 0x00000007c0000000)
  eden space 48640K, 100% used [0x0000000781900000,0x0000000784880000,0x0000000784880000)
  from space 7680K, 0% used [0x0000000785000000,0x0000000785000000,0x0000000785780000)
  to   space 7680K, 0% used [0x0000000784880000,0x0000000784880000,0x0000000785000000)
 ParOldGen       total 101888K, used 17101K [0x0000000704a00000, 0x000000070ad80000, 0x0000000781900000)
  object space 101888K, 16% used [0x0000000704a00000,0x0000000705ab3750,0x000000070ad80000)
 Metaspace       used 25435K, capacity 25664K, committed 25856K, reserved 1073152K
  class space    used 2733K, capacity 2796K, committed 2816K, reserved 1048576K
Event: 14.540 GC heap after
Heap after GC invocations=6 (full 1):
 PSYoungGen      total 56320K, used 7147K [0x0000000781900000, 0x0000000787e00000, 0x00000007c0000000)
  eden space 48640K, 0% used [0x0000000781900000,0x0000000781900000,0x0000000784880000)
  from space 7680K, 93% used [0x0000000784880000,0x0000000784f7aff0,0x0000000785000000)
  to   space 17408K, 0% used [0x0000000786d00000,0x0000000786d00000,0x0000000787e00000)
 ParOldGen       total 101888K, used 17109K [0x0000000704a00000, 0x000000070ad80000, 0x0000000781900000)
  object space 101888K, 16% used [0x0000000704a00000,0x0000000705ab5750,0x000000070ad80000)
 Metaspace       used 25435K, capacity 25664K, committed 25856K, reserved 1073152K
  class space    used 2733K, capacity 2796K, committed 2816K, reserved 1048576K
}
Event: 16.132 GC heap before
{Heap before GC invocations=7 (full 1):
 PSYoungGen      total 56320K, used 55787K [0x0000000781900000, 0x0000000787e00000, 0x00000007c0000000)
  eden space 48640K, 100% used [0x0000000781900000,0x0000000784880000,0x0000000784880000)
  from space 7680K, 93% used [0x0000000784880000,0x0000000784f7aff0,0x0000000785000000)
  to   space 17408K, 0% used [0x0000000786d00000,0x0000000786d00000,0x0000000787e00000)
 ParOldGen       total 101888K, used 17109K [0x0000000704a00000, 0x000000070ad80000, 0x0000000781900000)
  object space 101888K, 16% used [0x0000000704a00000,0x0000000705ab5750,0x000000070ad80000)
 Metaspace       used 27237K, capacity 27470K, committed 27776K, reserved 1075200K
  class space    used 2805K, capacity 2862K, committed 2944K, reserved 1048576K
Event: 16.157 GC heap after
Heap after GC invocations=7 (full 1):
 PSYoungGen      total 85504K, used 4182K [0x0000000781900000, 0x0000000788200000, 0x00000007c0000000)
  eden space 68096K, 0% used [0x0000000781900000,0x0000000781900000,0x0000000785b80000)
  from space 17408K, 24% used [0x0000000786d00000,0x0000000787115ad0,0x0000000787e00000)
  to   space 17920K, 0% used [0x0000000785b80000,0x0000000785b80000,0x0000000786d00000)
 ParOldGen       total 101888K, used 17117K [0x0000000704a00000, 0x000000070ad80000, 0x0000000781900000)
  object space 101888K, 16% used [0x0000000704a00000,0x0000000705ab7750,0x000000070ad80000)
 Metaspace       used 27237K, capacity 27470K, committed 27776K, reserved 1075200K
  class space    used 2805K, capacity 2862K, committed 2944K, reserved 1048576K
}
Event: 17.567 GC heap before
{Heap before GC invocations=8 (full 1):
 PSYoungGen      total 85504K, used 72278K [0x0000000781900000, 0x0000000788200000, 0x00000007c0000000)
  eden space 68096K, 100% used [0x0000000781900000,0x0000000785b80000,0x0000000785b80000)
  from space 17408K, 24% used [0x0000000786d00000,0x0000000787115ad0,0x0000000787e00000)
  to   space 17920K, 0% used [0x0000000785b80000,0x0000000785b80000,0x0000000786d00000)
 ParOldGen       total 101888K, used 17117K [0x0000000704a00000, 0x000000070ad80000, 0x0000000781900000)
  object space 101888K, 16% used [0x0000000704a00000,0x0000000705ab7750,0x000000070ad80000)
 Metaspace       used 28121K, capacity 28398K, committed 28800K, reserved 1075200K
  class space    used 2830K, capacity 2894K, committed 2944K, reserved 1048576K
Event: 17.581 GC heap after
Heap after GC invocations=8 (full 1):
 PSYoungGen      total 86016K, used 4899K [0x0000000781900000, 0x0000000789d80000, 0x00000007c0000000)
  eden space 68096K, 0% used [0x0000000781900000,0x0000000781900000,0x0000000785b80000)
  from space 17920K, 27% used [0x0000000785b80000,0x0000000786048f88,0x0000000786d00000)
  to   space 17920K, 0% used [0x0000000788c00000,0x0000000788c00000,0x0000000789d80000)
 ParOldGen       total 101888K, used 17125K [0x0000000704a00000, 0x000000070ad80000, 0x0000000781900000)
  object space 101888K, 16% used [0x0000000704a00000,0x0000000705ab9750,0x000000070ad80000)
 Metaspace       used 28121K, capacity 28398K, committed 28800K, reserved 1075200K
  class space    used 2830K, capacity 2894K, committed 2944K, reserved 1048576K
}

